<?xml version="1.0" encoding="UTF-8"?>
<testsuite name="com.fullcycle.admin.catalog.infrastructure.MainTest" tests="1" skipped="0" failures="0" errors="0" timestamp="2022-05-07T04:02:41" hostname="DESKTOP-QMAPB6C" time="0.028">
  <properties/>
  <testcase name="Show return not null" classname="com.fullcycle.admin.catalog.infrastructure.MainTest" time="0.028"/>
  <system-out><![CDATA[Hello world!
com.fullcycle.admin.catalog.domain.Category@20140db9
]]></system-out>
  <system-err><![CDATA[]]></system-err>
</testsuite>
