<?xml version="1.0" encoding="UTF-8"?>
<testsuite name="com.fullcycle.admin.catalog.domain.CategoryTest" tests="3" skipped="0" failures="0" errors="0" timestamp="2022-05-07T19:25:52" hostname="DESKTOP-QMAPB6C" time="0.027">
  <properties/>
  <testcase name="Should be possible to create a new category with correct params" classname="com.fullcycle.admin.catalog.domain.CategoryTest" time="0.015"/>
  <testcase name="Should throw error when name is null" classname="com.fullcycle.admin.catalog.domain.CategoryTest" time="0.01"/>
  <testcase name="Should throw error when name is empty" classname="com.fullcycle.admin.catalog.domain.CategoryTest" time="0.001"/>
  <system-out><![CDATA[]]></system-out>
  <system-err><![CDATA[]]></system-err>
</testsuite>
